Arguments: 
  /usr/local/Cellar/node/11.6.0/bin/node /usr/local/Cellar/yarn/1.12.3/libexec/bin/yarn.js tsc

PATH: 
  /Users/marcus/bin:/usr/local/bin:/usr/local/bin:/usr/bin:/bin:/usr/sbin:/sbin:/Users/marcus/Library/Android/sdk/tools:/Users/marcus/Library/Android/sdk/tools/bin:/Users/marcus/Library/Android/sdk/platform-tools:/Users/marcus/Library/Android/sdk/emulator

Yarn version: 
  1.12.3

Node version: 
  11.6.0

Platform: 
  darwin x64

Trace: 
  SyntaxError: /Users/marcus/projects/evian/TypedNpmModule/package.json: Unexpected token s in JSON at position 206
      at JSON.parse (<anonymous>)
      at /usr/local/Cellar/yarn/1.12.3/libexec/lib/cli.js:1631:59
      at Generator.next (<anonymous>)
      at step (/usr/local/Cellar/yarn/1.12.3/libexec/lib/cli.js:304:30)
      at /usr/local/Cellar/yarn/1.12.3/libexec/lib/cli.js:315:13

npm manifest: 
  {
    "name": "TypedNpmModule",
    "version": "1.0.0",
    "description": "",
    "main": "index.js",
    "types": "index.d.ts",
    "scripts": {
      "test": "echo \"Error: no test specified\" && exit 1",
      "tsc": tsc
    },
    "keywords": [],
    "author": "",
    "license": "ISC",
    "dependencies": {},
    "devDependencies": {
      "prettier": "^1.17.0",
      "typescript": "^3.4.5"
    }
  }

yarn manifest: 
  No manifest

Lockfile: 
  # THIS IS AN AUTOGENERATED FILE. DO NOT EDIT THIS FILE DIRECTLY.
  # yarn lockfile v1
  
  
  prettier@^1.17.0:
    version "1.17.0"
    resolved "https://registry.yarnpkg.com/prettier/-/prettier-1.17.0.tgz#53b303676eed22cc14a9f0cec09b477b3026c008"
    integrity sha512-sXe5lSt2WQlCbydGETgfm1YBShgOX4HxQkFPvbxkcwgDvGDeqVau8h+12+lmSVlP3rHPz0oavfddSZg/q+Szjw==
  
  typescript@^3.4.5:
    version "3.4.5"
    resolved "https://registry.yarnpkg.com/typescript/-/typescript-3.4.5.tgz#2d2618d10bb566572b8d7aad5180d84257d70a99"
    integrity sha512-YycBxUb49UUhdNMU5aJ7z5Ej2XGmaIBL0x34vZ82fn3hGvD+bgrMrVDpatgz2f7YxUMJxMkbWxJZeAvDxVe7Vw==
